DEBUG:root:Scrapping page : 1https://jobwebkenya.com/jobs/page/1
DEBUG:urllib3.connectionpool:Starting new HTTPS connection (1): jobwebkenya.com
DEBUG:urllib3.connectionpool:https://jobwebkenya.com:443 "GET /jobs/page/1 HTTP/1.1" 301 None
DEBUG:urllib3.connectionpool:https://jobwebkenya.com:443 "GET /jobs/ HTTP/1.1" 200 None
WARNING:root:Skipping 1
DEBUG:root:Scrapping page : 2https://jobwebkenya.com/jobs/page/2
DEBUG:urllib3.connectionpool:Starting new HTTPS connection (1): jobwebkenya.com
DEBUG:urllib3.connectionpool:https://jobwebkenya.com:443 "GET /jobs/page/2 HTTP/1.1" 301 None
DEBUG:urllib3.connectionpool:https://jobwebkenya.com:443 "GET /jobs/page/2/ HTTP/1.1" 200 None
WARNING:root:Skipping 2
DEBUG:root:Scrapping page : 3https://jobwebkenya.com/jobs/page/3
DEBUG:urllib3.connectionpool:Starting new HTTPS connection (1): jobwebkenya.com
DEBUG:urllib3.connectionpool:https://jobwebkenya.com:443 "GET /jobs/page/3 HTTP/1.1" 301 None
DEBUG:urllib3.connectionpool:https://jobwebkenya.com:443 "GET /jobs/page/3/ HTTP/1.1" 200 None
WARNING:root:Skipping 3
DEBUG:root:Scrapping page : 4https://jobwebkenya.com/jobs/page/4
DEBUG:urllib3.connectionpool:Starting new HTTPS connection (1): jobwebkenya.com
DEBUG:urllib3.connectionpool:https://jobwebkenya.com:443 "GET /jobs/page/4 HTTP/1.1" 301 None
DEBUG:urllib3.connectionpool:https://jobwebkenya.com:443 "GET /jobs/page/4/ HTTP/1.1" 200 None
WARNING:root:Skipping 4
DEBUG:root:Scrapping page : 5https://jobwebkenya.com/jobs/page/5
DEBUG:urllib3.connectionpool:Starting new HTTPS connection (1): jobwebkenya.com
DEBUG:root:Scrapping page : 1https://jobwebkenya.com/jobs/page/1
DEBUG:urllib3.connectionpool:Starting new HTTPS connection (1): jobwebkenya.com
DEBUG:urllib3.connectionpool:https://jobwebkenya.com:443 "GET /jobs/page/1 HTTP/1.1" 301 None
DEBUG:urllib3.connectionpool:https://jobwebkenya.com:443 "GET /jobs/ HTTP/1.1" 200 None
WARNING:root:Skipping 1
DEBUG:root:Scrapping page : 2https://jobwebkenya.com/jobs/page/2
DEBUG:urllib3.connectionpool:Starting new HTTPS connection (1): jobwebkenya.com
DEBUG:urllib3.connectionpool:https://jobwebkenya.com:443 "GET /jobs/page/2 HTTP/1.1" 301 None
DEBUG:urllib3.connectionpool:https://jobwebkenya.com:443 "GET /jobs/page/2/ HTTP/1.1" 200 None
WARNING:root:Skipping 2
DEBUG:root:Scrapping page : 3https://jobwebkenya.com/jobs/page/3
DEBUG:urllib3.connectionpool:Starting new HTTPS connection (1): jobwebkenya.com
DEBUG:urllib3.connectionpool:https://jobwebkenya.com:443 "GET /jobs/page/3 HTTP/1.1" 301 None
DEBUG:urllib3.connectionpool:https://jobwebkenya.com:443 "GET /jobs/page/3/ HTTP/1.1" 200 None
WARNING:root:Skipping 3
DEBUG:root:Scrapping page : 4https://jobwebkenya.com/jobs/page/4
DEBUG:urllib3.connectionpool:Starting new HTTPS connection (1): jobwebkenya.com
DEBUG:urllib3.connectionpool:https://jobwebkenya.com:443 "GET /jobs/page/4 HTTP/1.1" 301 None
DEBUG:urllib3.connectionpool:https://jobwebkenya.com:443 "GET /jobs/page/4/ HTTP/1.1" 200 None
WARNING:root:Skipping 4
DEBUG:root:Scrapping page : 5https://jobwebkenya.com/jobs/page/5
DEBUG:urllib3.connectionpool:Starting new HTTPS connection (1): jobwebkenya.com
DEBUG:root:Scrapping page : 830 https://jobwebkenya.com/jobs/page/830
DEBUG:urllib3.connectionpool:Starting new HTTPS connection (1): jobwebkenya.com
DEBUG:urllib3.connectionpool:https://jobwebkenya.com:443 "GET /jobs/page/830 HTTP/1.1" 301 None
